2023-10-27 12:31:18.782  WARN 8376 --- [Thread-164] o.a.c.loader.WebappClassLoaderBase       : The web application [ROOT] appears to have started a thread named [logback-26] but has failed to stop it. This is very likely to create a memory leak. Stack trace of thread:
 java.base@11.0.19/jdk.internal.misc.Unsafe.park(Native Method)
 java.base@11.0.19/java.util.concurrent.locks.LockSupport.park(LockSupport.java:194)
 java.base@11.0.19/java.util.concurrent.locks.AbstractQueuedSynchronizer$ConditionObject.await(AbstractQueuedSynchronizer.java:2081)
 java.base@11.0.19/java.util.concurrent.ScheduledThreadPoolExecutor$DelayedWorkQueue.take(ScheduledThreadPoolExecutor.java:1170)
 java.base@11.0.19/java.util.concurrent.ScheduledThreadPoolExecutor$DelayedWorkQueue.take(ScheduledThreadPoolExecutor.java:899)
 java.base@11.0.19/java.util.concurrent.ThreadPoolExecutor.getTask(ThreadPoolExecutor.java:1054)
 java.base@11.0.19/java.util.concurrent.ThreadPoolExecutor.runWorker(ThreadPoolExecutor.java:1114)
 java.base@11.0.19/java.util.concurrent.ThreadPoolExecutor$Worker.run(ThreadPoolExecutor.java:628)
 java.base@11.0.19/java.lang.Thread.run(Thread.java:834)
2023-10-27 12:31:19.004  WARN 8376 --- [restartedMain] o.m.s.mapper.ClassPathMapperScanner      : No MyBatis mapper was found in '[com.my.board]' package. Please check your configuration.
2023-10-27 12:31:39.465  WARN 8376 --- [restartedMain] o.m.s.mapper.ClassPathMapperScanner      : No MyBatis mapper was found in '[com.my.board]' package. Please check your configuration.
2023-10-27 12:32:40.281  WARN 8376 --- [restartedMain] o.m.s.mapper.ClassPathMapperScanner      : No MyBatis mapper was found in '[com.my.board]' package. Please check your configuration.
2023-10-27 12:33:21.354  WARN 8376 --- [restartedMain] o.m.s.mapper.ClassPathMapperScanner      : No MyBatis mapper was found in '[com.my.board]' package. Please check your configuration.
2023-10-27 12:35:13.923  WARN 8376 --- [restartedMain] o.m.s.mapper.ClassPathMapperScanner      : No MyBatis mapper was found in '[com.my.board]' package. Please check your configuration.
2023-10-27 12:40:13.195  WARN 8376 --- [restartedMain] o.m.s.mapper.ClassPathMapperScanner      : No MyBatis mapper was found in '[com.my.board]' package. Please check your configuration.
2023-10-27 12:40:33.686  WARN 8376 --- [restartedMain] o.m.s.mapper.ClassPathMapperScanner      : No MyBatis mapper was found in '[com.my.board]' package. Please check your configuration.
2023-10-27 12:44:33.409  WARN 8376 --- [restartedMain] o.m.s.mapper.ClassPathMapperScanner      : No MyBatis mapper was found in '[com.my.board]' package. Please check your configuration.
2023-10-27 12:47:37.191  WARN 8376 --- [restartedMain] o.m.s.mapper.ClassPathMapperScanner      : No MyBatis mapper was found in '[com.my.board]' package. Please check your configuration.
2023-10-27 12:47:37.307  WARN 8376 --- [restartedMain] ConfigServletWebServerApplicationContext : Exception encountered during context initialization - cancelling refresh attempt: org.springframework.beans.factory.BeanCreationException: Error creating bean with name 'handlerExceptionResolver' defined in class path resource [org/springframework/web/servlet/config/annotation/DelegatingWebMvcConfiguration.class]: Bean instantiation via factory method failed; nested exception is org.springframework.beans.BeanInstantiationException: Failed to instantiate [org.springframework.web.servlet.HandlerExceptionResolver]: Factory method 'handlerExceptionResolver' threw exception; nested exception is java.lang.IllegalStateException: Ambiguous @ExceptionHandler method mapped for [class com.my.exception.AddException]: {public org.springframework.http.ResponseEntity com.my.board.advice.MyBoardControllerAdvice.exceptionHandler(java.lang.Exception), public org.springframework.http.ResponseEntity com.my.board.advice.MyBoardControllerAdvice.addException(com.my.exception.AddException)}
2023-10-27 12:47:37.336 ERROR 8376 --- [restartedMain] o.s.boot.SpringApplication               : Application run failed

org.springframework.beans.factory.BeanCreationException: Error creating bean with name 'handlerExceptionResolver' defined in class path resource [org/springframework/web/servlet/config/annotation/DelegatingWebMvcConfiguration.class]: Bean instantiation via factory method failed; nested exception is org.springframework.beans.BeanInstantiationException: Failed to instantiate [org.springframework.web.servlet.HandlerExceptionResolver]: Factory method 'handlerExceptionResolver' threw exception; nested exception is java.lang.IllegalStateException: Ambiguous @ExceptionHandler method mapped for [class com.my.exception.AddException]: {public org.springframework.http.ResponseEntity com.my.board.advice.MyBoardControllerAdvice.exceptionHandler(java.lang.Exception), public org.springframework.http.ResponseEntity com.my.board.advice.MyBoardControllerAdvice.addException(com.my.exception.AddException)}
	at org.springframework.beans.factory.support.ConstructorResolver.instantiate(ConstructorResolver.java:653) ~[spring-beans-5.3.30.jar:5.3.30]
	at org.springframework.beans.factory.support.ConstructorResolver.instantiateUsingFactoryMethod(ConstructorResolver.java:633) ~[spring-beans-5.3.30.jar:5.3.30]
	at org.springframework.beans.factory.support.AbstractAutowireCapableBeanFactory.instantiateUsingFactoryMethod(AbstractAutowireCapableBeanFactory.java:1352) ~[spring-beans-5.3.30.jar:5.3.30]
	at org.springframework.beans.factory.support.AbstractAutowireCapableBeanFactory.createBeanInstance(AbstractAutowireCapableBeanFactory.java:1195) ~[spring-beans-5.3.30.jar:5.3.30]
	at org.springframework.beans.factory.support.AbstractAutowireCapableBeanFactory.doCreateBean(AbstractAutowireCapableBeanFactory.java:582) ~[spring-beans-5.3.30.jar:5.3.30]
	at org.springframework.beans.factory.support.AbstractAutowireCapableBeanFactory.createBean(AbstractAutowireCapableBeanFactory.java:542) ~[spring-beans-5.3.30.jar:5.3.30]
	at org.springframework.beans.factory.support.AbstractBeanFactory.lambda$doGetBean$0(AbstractBeanFactory.java:335) ~[spring-beans-5.3.30.jar:5.3.30]
	at org.springframework.beans.factory.support.DefaultSingletonBeanRegistry.getSingleton(DefaultSingletonBeanRegistry.java:234) ~[spring-beans-5.3.30.jar:5.3.30]
	at org.springframework.beans.factory.support.AbstractBeanFactory.doGetBean(AbstractBeanFactory.java:333) ~[spring-beans-5.3.30.jar:5.3.30]
	at org.springframework.beans.factory.support.AbstractBeanFactory.getBean(AbstractBeanFactory.java:208) ~[spring-beans-5.3.30.jar:5.3.30]
	at org.springframework.beans.factory.support.DefaultListableBeanFactory.preInstantiateSingletons(DefaultListableBeanFactory.java:955) ~[spring-beans-5.3.30.jar:5.3.30]
	at org.springframework.context.support.AbstractApplicationContext.finishBeanFactoryInitialization(AbstractApplicationContext.java:921) ~[spring-context-5.3.30.jar:5.3.30]
	at org.springframework.context.support.AbstractApplicationContext.refresh(AbstractApplicationContext.java:583) ~[spring-context-5.3.30.jar:5.3.30]
	at org.springframework.boot.web.servlet.context.ServletWebServerApplicationContext.refresh(ServletWebServerApplicationContext.java:147) ~[spring-boot-2.7.17.jar:2.7.17]
	at org.springframework.boot.SpringApplication.refresh(SpringApplication.java:732) ~[spring-boot-2.7.17.jar:2.7.17]
	at org.springframework.boot.SpringApplication.refreshContext(SpringApplication.java:409) ~[spring-boot-2.7.17.jar:2.7.17]
	at org.springframework.boot.SpringApplication.run(SpringApplication.java:308) ~[spring-boot-2.7.17.jar:2.7.17]
	at org.springframework.boot.SpringApplication.run(SpringApplication.java:1300) ~[spring-boot-2.7.17.jar:2.7.17]
	at org.springframework.boot.SpringApplication.run(SpringApplication.java:1289) ~[spring-boot-2.7.17.jar:2.7.17]
	at com.my.board.SpringbootBoardApplication.main(SpringbootBoardApplication.java:10) ~[classes/:na]
	at java.base/jdk.internal.reflect.NativeMethodAccessorImpl.invoke0(Native Method) ~[na:na]
	at java.base/jdk.internal.reflect.NativeMethodAccessorImpl.invoke(NativeMethodAccessorImpl.java:62) ~[na:na]
	at java.base/jdk.internal.reflect.DelegatingMethodAccessorImpl.invoke(DelegatingMethodAccessorImpl.java:43) ~[na:na]
	at java.base/java.lang.reflect.Method.invoke(Method.java:566) ~[na:na]
	at org.springframework.boot.devtools.restart.RestartLauncher.run(RestartLauncher.java:50) ~[spring-boot-devtools-2.7.17.jar:2.7.17]
Caused by: org.springframework.beans.BeanInstantiationException: Failed to instantiate [org.springframework.web.servlet.HandlerExceptionResolver]: Factory method 'handlerExceptionResolver' threw exception; nested exception is java.lang.IllegalStateException: Ambiguous @ExceptionHandler method mapped for [class com.my.exception.AddException]: {public org.springframework.http.ResponseEntity com.my.board.advice.MyBoardControllerAdvice.exceptionHandler(java.lang.Exception), public org.springframework.http.ResponseEntity com.my.board.advice.MyBoardControllerAdvice.addException(com.my.exception.AddException)}
	at org.springframework.beans.factory.support.SimpleInstantiationStrategy.instantiate(SimpleInstantiationStrategy.java:185) ~[spring-beans-5.3.30.jar:5.3.30]
	at org.springframework.beans.factory.support.ConstructorResolver.instantiate(ConstructorResolver.java:648) ~[spring-beans-5.3.30.jar:5.3.30]
	... 24 common frames omitted
Caused by: java.lang.IllegalStateException: Ambiguous @ExceptionHandler method mapped for [class com.my.exception.AddException]: {public org.springframework.http.ResponseEntity com.my.board.advice.MyBoardControllerAdvice.exceptionHandler(java.lang.Exception), public org.springframework.http.ResponseEntity com.my.board.advice.MyBoardControllerAdvice.addException(com.my.exception.AddException)}
	at org.springframework.web.method.annotation.ExceptionHandlerMethodResolver.addExceptionMapping(ExceptionHandlerMethodResolver.java:114) ~[spring-web-5.3.30.jar:5.3.30]
	at org.springframework.web.method.annotation.ExceptionHandlerMethodResolver.<init>(ExceptionHandlerMethodResolver.java:78) ~[spring-web-5.3.30.jar:5.3.30]
	at org.springframework.web.servlet.mvc.method.annotation.ExceptionHandlerExceptionResolver.initExceptionHandlerAdviceCache(ExceptionHandlerExceptionResolver.java:291) ~[spring-webmvc-5.3.30.jar:5.3.30]
	at org.springframework.web.servlet.mvc.method.annotation.ExceptionHandlerExceptionResolver.afterPropertiesSet(ExceptionHandlerExceptionResolver.java:268) ~[spring-webmvc-5.3.30.jar:5.3.30]
	at org.springframework.web.servlet.config.annotation.WebMvcConfigurationSupport.addDefaultHandlerExceptionResolvers(WebMvcConfigurationSupport.java:1090) ~[spring-webmvc-5.3.30.jar:5.3.30]
	at org.springframework.web.servlet.config.annotation.WebMvcConfigurationSupport.handlerExceptionResolver(WebMvcConfigurationSupport.java:1032) ~[spring-webmvc-5.3.30.jar:5.3.30]
	at jdk.internal.reflect.GeneratedMethodAccessor97.invoke(Unknown Source) ~[na:na]
	at java.base/jdk.internal.reflect.DelegatingMethodAccessorImpl.invoke(DelegatingMethodAccessorImpl.java:43) ~[na:na]
	at java.base/java.lang.reflect.Method.invoke(Method.java:566) ~[na:na]
	at org.springframework.beans.factory.support.SimpleInstantiationStrategy.instantiate(SimpleInstantiationStrategy.java:154) ~[spring-beans-5.3.30.jar:5.3.30]
	... 25 common frames omitted

2023-10-27 12:48:00.661  WARN 8376 --- [restartedMain] o.m.s.mapper.ClassPathMapperScanner      : No MyBatis mapper was found in '[com.my.board]' package. Please check your configuration.
2023-10-27 12:48:00.772  WARN 8376 --- [restartedMain] ConfigServletWebServerApplicationContext : Exception encountered during context initialization - cancelling refresh attempt: org.springframework.beans.factory.BeanCreationException: Error creating bean with name 'handlerExceptionResolver' defined in class path resource [org/springframework/web/servlet/config/annotation/DelegatingWebMvcConfiguration.class]: Bean instantiation via factory method failed; nested exception is org.springframework.beans.BeanInstantiationException: Failed to instantiate [org.springframework.web.servlet.HandlerExceptionResolver]: Factory method 'handlerExceptionResolver' threw exception; nested exception is java.lang.IllegalStateException: Ambiguous @ExceptionHandler method mapped for [class com.my.exception.AddException]: {public org.springframework.http.ResponseEntity com.my.board.advice.MyBoardControllerAdvice.exceptionHandler(java.lang.Exception), public org.springframework.http.ResponseEntity com.my.board.advice.MyBoardControllerAdvice.addException(com.my.exception.AddException)}
2023-10-27 12:48:00.782 ERROR 8376 --- [restartedMain] o.s.boot.SpringApplication               : Application run failed

org.springframework.beans.factory.BeanCreationException: Error creating bean with name 'handlerExceptionResolver' defined in class path resource [org/springframework/web/servlet/config/annotation/DelegatingWebMvcConfiguration.class]: Bean instantiation via factory method failed; nested exception is org.springframework.beans.BeanInstantiationException: Failed to instantiate [org.springframework.web.servlet.HandlerExceptionResolver]: Factory method 'handlerExceptionResolver' threw exception; nested exception is java.lang.IllegalStateException: Ambiguous @ExceptionHandler method mapped for [class com.my.exception.AddException]: {public org.springframework.http.ResponseEntity com.my.board.advice.MyBoardControllerAdvice.exceptionHandler(java.lang.Exception), public org.springframework.http.ResponseEntity com.my.board.advice.MyBoardControllerAdvice.addException(com.my.exception.AddException)}
	at org.springframework.beans.factory.support.ConstructorResolver.instantiate(ConstructorResolver.java:653) ~[spring-beans-5.3.30.jar:5.3.30]
	at org.springframework.beans.factory.support.ConstructorResolver.instantiateUsingFactoryMethod(ConstructorResolver.java:633) ~[spring-beans-5.3.30.jar:5.3.30]
	at org.springframework.beans.factory.support.AbstractAutowireCapableBeanFactory.instantiateUsingFactoryMethod(AbstractAutowireCapableBeanFactory.java:1352) ~[spring-beans-5.3.30.jar:5.3.30]
	at org.springframework.beans.factory.support.AbstractAutowireCapableBeanFactory.createBeanInstance(AbstractAutowireCapableBeanFactory.java:1195) ~[spring-beans-5.3.30.jar:5.3.30]
	at org.springframework.beans.factory.support.AbstractAutowireCapableBeanFactory.doCreateBean(AbstractAutowireCapableBeanFactory.java:582) ~[spring-beans-5.3.30.jar:5.3.30]
	at org.springframework.beans.factory.support.AbstractAutowireCapableBeanFactory.createBean(AbstractAutowireCapableBeanFactory.java:542) ~[spring-beans-5.3.30.jar:5.3.30]
	at org.springframework.beans.factory.support.AbstractBeanFactory.lambda$doGetBean$0(AbstractBeanFactory.java:335) ~[spring-beans-5.3.30.jar:5.3.30]
	at org.springframework.beans.factory.support.DefaultSingletonBeanRegistry.getSingleton(DefaultSingletonBeanRegistry.java:234) ~[spring-beans-5.3.30.jar:5.3.30]
	at org.springframework.beans.factory.support.AbstractBeanFactory.doGetBean(AbstractBeanFactory.java:333) ~[spring-beans-5.3.30.jar:5.3.30]
	at org.springframework.beans.factory.support.AbstractBeanFactory.getBean(AbstractBeanFactory.java:208) ~[spring-beans-5.3.30.jar:5.3.30]
	at org.springframework.beans.factory.support.DefaultListableBeanFactory.preInstantiateSingletons(DefaultListableBeanFactory.java:955) ~[spring-beans-5.3.30.jar:5.3.30]
	at org.springframework.context.support.AbstractApplicationContext.finishBeanFactoryInitialization(AbstractApplicationContext.java:921) ~[spring-context-5.3.30.jar:5.3.30]
	at org.springframework.context.support.AbstractApplicationContext.refresh(AbstractApplicationContext.java:583) ~[spring-context-5.3.30.jar:5.3.30]
	at org.springframework.boot.web.servlet.context.ServletWebServerApplicationContext.refresh(ServletWebServerApplicationContext.java:147) ~[spring-boot-2.7.17.jar:2.7.17]
	at org.springframework.boot.SpringApplication.refresh(SpringApplication.java:732) ~[spring-boot-2.7.17.jar:2.7.17]
	at org.springframework.boot.SpringApplication.refreshContext(SpringApplication.java:409) ~[spring-boot-2.7.17.jar:2.7.17]
	at org.springframework.boot.SpringApplication.run(SpringApplication.java:308) ~[spring-boot-2.7.17.jar:2.7.17]
	at org.springframework.boot.SpringApplication.run(SpringApplication.java:1300) ~[spring-boot-2.7.17.jar:2.7.17]
	at org.springframework.boot.SpringApplication.run(SpringApplication.java:1289) ~[spring-boot-2.7.17.jar:2.7.17]
	at com.my.board.SpringbootBoardApplication.main(SpringbootBoardApplication.java:10) ~[classes/:na]
	at java.base/jdk.internal.reflect.NativeMethodAccessorImpl.invoke0(Native Method) ~[na:na]
	at java.base/jdk.internal.reflect.NativeMethodAccessorImpl.invoke(NativeMethodAccessorImpl.java:62) ~[na:na]
	at java.base/jdk.internal.reflect.DelegatingMethodAccessorImpl.invoke(DelegatingMethodAccessorImpl.java:43) ~[na:na]
	at java.base/java.lang.reflect.Method.invoke(Method.java:566) ~[na:na]
	at org.springframework.boot.devtools.restart.RestartLauncher.run(RestartLauncher.java:50) ~[spring-boot-devtools-2.7.17.jar:2.7.17]
Caused by: org.springframework.beans.BeanInstantiationException: Failed to instantiate [org.springframework.web.servlet.HandlerExceptionResolver]: Factory method 'handlerExceptionResolver' threw exception; nested exception is java.lang.IllegalStateException: Ambiguous @ExceptionHandler method mapped for [class com.my.exception.AddException]: {public org.springframework.http.ResponseEntity com.my.board.advice.MyBoardControllerAdvice.exceptionHandler(java.lang.Exception), public org.springframework.http.ResponseEntity com.my.board.advice.MyBoardControllerAdvice.addException(com.my.exception.AddException)}
	at org.springframework.beans.factory.support.SimpleInstantiationStrategy.instantiate(SimpleInstantiationStrategy.java:185) ~[spring-beans-5.3.30.jar:5.3.30]
	at org.springframework.beans.factory.support.ConstructorResolver.instantiate(ConstructorResolver.java:648) ~[spring-beans-5.3.30.jar:5.3.30]
	... 24 common frames omitted
Caused by: java.lang.IllegalStateException: Ambiguous @ExceptionHandler method mapped for [class com.my.exception.AddException]: {public org.springframework.http.ResponseEntity com.my.board.advice.MyBoardControllerAdvice.exceptionHandler(java.lang.Exception), public org.springframework.http.ResponseEntity com.my.board.advice.MyBoardControllerAdvice.addException(com.my.exception.AddException)}
	at org.springframework.web.method.annotation.ExceptionHandlerMethodResolver.addExceptionMapping(ExceptionHandlerMethodResolver.java:114) ~[spring-web-5.3.30.jar:5.3.30]
	at org.springframework.web.method.annotation.ExceptionHandlerMethodResolver.<init>(ExceptionHandlerMethodResolver.java:78) ~[spring-web-5.3.30.jar:5.3.30]
	at org.springframework.web.servlet.mvc.method.annotation.ExceptionHandlerExceptionResolver.initExceptionHandlerAdviceCache(ExceptionHandlerExceptionResolver.java:291) ~[spring-webmvc-5.3.30.jar:5.3.30]
	at org.springframework.web.servlet.mvc.method.annotation.ExceptionHandlerExceptionResolver.afterPropertiesSet(ExceptionHandlerExceptionResolver.java:268) ~[spring-webmvc-5.3.30.jar:5.3.30]
	at org.springframework.web.servlet.config.annotation.WebMvcConfigurationSupport.addDefaultHandlerExceptionResolvers(WebMvcConfigurationSupport.java:1090) ~[spring-webmvc-5.3.30.jar:5.3.30]
	at org.springframework.web.servlet.config.annotation.WebMvcConfigurationSupport.handlerExceptionResolver(WebMvcConfigurationSupport.java:1032) ~[spring-webmvc-5.3.30.jar:5.3.30]
	at jdk.internal.reflect.GeneratedMethodAccessor97.invoke(Unknown Source) ~[na:na]
	at java.base/jdk.internal.reflect.DelegatingMethodAccessorImpl.invoke(DelegatingMethodAccessorImpl.java:43) ~[na:na]
	at java.base/java.lang.reflect.Method.invoke(Method.java:566) ~[na:na]
	at org.springframework.beans.factory.support.SimpleInstantiationStrategy.instantiate(SimpleInstantiationStrategy.java:154) ~[spring-beans-5.3.30.jar:5.3.30]
	... 25 common frames omitted

2023-10-27 12:48:12.768  WARN 8376 --- [restartedMain] o.m.s.mapper.ClassPathMapperScanner      : No MyBatis mapper was found in '[com.my.board]' package. Please check your configuration.
2023-10-27 12:48:25.008  WARN 8376 --- [restartedMain] o.m.s.mapper.ClassPathMapperScanner      : No MyBatis mapper was found in '[com.my.board]' package. Please check your configuration.
2023-10-27 15:49:53.649  WARN 13528 --- [restartedMain] o.m.s.mapper.ClassPathMapperScanner      : No MyBatis mapper was found in '[com.my.board]' package. Please check your configuration.
